0 silly argv {
0 silly argv   _: [ 'publish' ],
0 silly argv   'force-publish': true,
0 silly argv   forcePublish: true,
0 silly argv   composed: 'publish',
0 silly argv   lernaVersion: '4.0.0',
0 silly argv   '$0': 'node_modules\\lerna\\cli.js'
0 silly argv }
1 notice cli v4.0.0
2 verbose rootPath D:\project\orca\pocket
3 info versioning independent
4 verbose session 15f8b614b85a4dc4
5 verbose user-agent lerna/4.0.0/node@v18.13.0+x64 (win32)
6 silly argv {
6 silly argv   _: [ 'publish' ],
6 silly argv   'force-publish': true,
6 silly argv   forcePublish: true,
6 silly argv   composed: 'publish',
6 silly argv   lernaVersion: '4.0.0'
6 silly argv }
7 verbose rootPath D:\project\orca\pocket
8 silly isAnythingCommitted
9 verbose isAnythingCommitted 1
10 silly getCurrentBranch
11 verbose currentBranch master
12 silly remoteBranchExists
13 silly isBehindUpstream
14 silly isBehindUpstream master is behind origin/master by 0 commit(s) and ahead by 0
15 silly hasTags
16 verbose hasTags true
17 silly git-describe.sync "@orca-fe/hooks@0.10.3-1-g59ffd3f" => {"lastTagName":"@orca-fe/hooks@0.10.3","lastVersion":"0.10.3","refCount":"1","sha":"59ffd3f","isDirty":false}
18 warn force-publish all packages
19 info Assuming all packages changed
20 verbose updated @orca-fe/hooks
21 verbose updated @orca-fe/pocket
22 verbose updated @orca-fe/tools
23 info execute Skipping releases
24 silly lifecycle No script for "preversion" in "orca-pocket", continuing
25 warn ECYCLE Dependency cycles detected, you should fix these!
25 warn ECYCLE @orca-fe/pocket -> @orca-fe/pocket
26 silly lifecycle No script for "preversion" in "@orca-fe/hooks", continuing
27 silly lifecycle No script for "preversion" in "@orca-fe/tools", continuing
28 silly lifecycle No script for "version" in "@orca-fe/tools", continuing
29 silly lifecycle No script for "version" in "@orca-fe/hooks", continuing
30 silly lifecycle No script for "preversion" in "@orca-fe/pocket", continuing
31 silly lifecycle No script for "version" in "@orca-fe/pocket", continuing
32 silly lifecycle No script for "version" in "orca-pocket", continuing
33 silly gitAdd [
33 silly gitAdd   'packages/tools/package.json',
33 silly gitAdd   'packages/hooks/package.json',
33 silly gitAdd   'packages/pocket/package.json'
33 silly gitAdd ]
34 silly gitCommit Publish
34 silly gitCommit
34 silly gitCommit  - @orca-fe/hooks@0.10.4
34 silly gitCommit  - @orca-fe/pocket@1.24.2
34 silly gitCommit  - @orca-fe/tools@0.7.6
35 verbose git [
35 verbose git   'commit',
35 verbose git   '-F',
35 verbose git   'C:\\Users\\kang1\\AppData\\Local\\Temp\\bc9f0e8a-f5a6-4152-8e18-daca1c73e926\\lerna-commit.txt'
35 verbose git ]
36 silly gitTag @orca-fe/hooks@0.10.4
37 verbose git [ 'tag', '@orca-fe/hooks@0.10.4', '-m', '@orca-fe/hooks@0.10.4' ]
38 silly gitTag @orca-fe/pocket@1.24.2
39 verbose git [ 'tag', '@orca-fe/pocket@1.24.2', '-m', '@orca-fe/pocket@1.24.2' ]
40 silly gitTag @orca-fe/tools@0.7.6
41 verbose git [ 'tag', '@orca-fe/tools@0.7.6', '-m', '@orca-fe/tools@0.7.6' ]
42 silly lifecycle No script for "postversion" in "@orca-fe/hooks", continuing
43 silly lifecycle No script for "postversion" in "@orca-fe/pocket", continuing
44 silly lifecycle No script for "postversion" in "@orca-fe/tools", continuing
45 silly lifecycle No script for "postversion" in "orca-pocket", continuing
46 info git Pushing tags...
47 silly gitPush origin master
48 info publish Publishing packages to npm...
49 notice Skipping all user and access validation due to third-party registry
50 notice Make sure you're authenticated properly ¯\_(ツ)_/¯
51 silly getCurrentSHA
52 verbose getCurrentSHA 0f38f477546c9603891bad4b0c847554147262df
53 silly lifecycle No script for "prepublish" in "orca-pocket", continuing
54 silly lifecycle No script for "prepare" in "orca-pocket", continuing
55 silly lifecycle No script for "prepublishOnly" in "orca-pocket", continuing
56 silly lifecycle No script for "prepack" in "orca-pocket", continuing
57 warn ECYCLE Dependency cycles detected, you should fix these!
57 warn ECYCLE @orca-fe/pocket -> @orca-fe/pocket
58 verbose pack-directory packages\hooks
59 verbose pack-directory packages\tools
60 silly lifecycle No script for "prepublish" in "@orca-fe/hooks", continuing
61 silly lifecycle No script for "prepublish" in "@orca-fe/tools", continuing
62 silly lifecycle No script for "prepare" in "@orca-fe/hooks", continuing
63 silly lifecycle No script for "prepare" in "@orca-fe/tools", continuing
64 silly lifecycle No script for "prepublishOnly" in "@orca-fe/hooks", continuing
65 silly lifecycle No script for "prepublishOnly" in "@orca-fe/tools", continuing
66 silly lifecycle No script for "prepack" in "@orca-fe/tools", continuing
67 silly lifecycle No script for "prepack" in "@orca-fe/hooks", continuing
68 silly lifecycle No script for "postpack" in "@orca-fe/tools", continuing
69 verbose packed packages\tools
70 silly lifecycle No script for "postpack" in "@orca-fe/hooks", continuing
71 verbose packed packages\hooks
72 verbose pack-directory packages\pocket
73 silly lifecycle No script for "prepublish" in "@orca-fe/pocket", continuing
74 silly lifecycle No script for "prepare" in "@orca-fe/pocket", continuing
75 silly lifecycle No script for "prepublishOnly" in "@orca-fe/pocket", continuing
76 silly lifecycle No script for "prepack" in "@orca-fe/pocket", continuing
77 silly lifecycle No script for "postpack" in "@orca-fe/pocket", continuing
78 verbose packed packages\pocket
79 silly lifecycle No script for "postpack" in "orca-pocket", continuing
80 warn ECYCLE Dependency cycles detected, you should fix these!
80 warn ECYCLE @orca-fe/pocket -> @orca-fe/pocket
81 verbose publish @orca-fe/hooks
82 verbose publish @orca-fe/tools
83 http fetch PUT 200 https://registry.npmjs.org/@orca-fe%2fhooks 1950ms
84 silly lifecycle No script for "publish" in "@orca-fe/hooks", continuing
85 silly lifecycle No script for "postpublish" in "@orca-fe/hooks", continuing
86 success published @orca-fe/hooks 0.10.4
87 notice
88 notice package: @orca-fe/hooks@0.10.4
89 notice === Tarball Contents ===
90 notice 1.7kB es/utils/createEffectWithTarget.js
90 notice 2.2kB lib/utils/createEffectWithTarget.js
90 notice 231B  es/utils/depsAreSame.js
90 notice 327B  lib/utils/depsAreSame.js
90 notice 360B  es/utils/domTarget.js
90 notice 478B  lib/utils/domTarget.js
90 notice 1.5kB es/index.js
90 notice 5.3kB lib/index.js
90 notice 545B  es/useAnimationFrame.js
90 notice 958B  lib/useAnimationFrame.js
90 notice 3.4kB es/useControllableProps.js
90 notice 4.9kB lib/useControllableProps.js
90 notice 321B  es/useEffectWithTarget.js
90 notice 687B  lib/useEffectWithTarget.js
90 notice 1.3kB es/useEventEmitter.js
90 notice 2.3kB lib/useEventEmitter.js
90 notice 5.6kB es/useHotkeyListener.js
90 notice 6.6kB lib/useHotkeyListener.js
90 notice 657B  es/useInterval.js
90 notice 863B  lib/useInterval.js
90 notice 758B  es/useMemorizedFn.js
90 notice 1.3kB lib/useMemorizedFn.js
90 notice 732B  es/useNextTick.js
90 notice 1.0kB lib/useNextTick.js
90 notice 3.3kB es/useObjHistoryMgr.js
90 notice 4.5kB lib/useObjHistoryMgr.js
90 notice 1.2kB es/usePan.js
90 notice 1.5kB lib/usePan.js
90 notice 1.2kB es/usePassThroughEvents.js
90 notice 1.7kB lib/usePassThroughEvents.js
90 notice 4.6kB es/usePromisifyModal.js
90 notice 6.5kB lib/usePromisifyModal.js
90 notice 7.4kB es/useService.js
90 notice 9.2kB lib/useService.js
90 notice 1.4kB es/useSizeListener.js
90 notice 2.0kB lib/useSizeListener.js
90 notice 999B  es/useStaticClick.js
90 notice 1.4kB lib/useStaticClick.js
90 notice 113B  es/useThis.js
90 notice 285B  lib/useThis.js
90 notice 911B  es/useWindowSize.js
90 notice 1.3kB lib/useWindowSize.js
90 notice 981B  package.json
90 notice 1.1kB LICENSE.md
90 notice 126B  README.md
90 notice 373B  es/utils/createEffectWithTarget.d.ts
90 notice 373B  lib/utils/createEffectWithTarget.d.ts
90 notice 140B  es/utils/depsAreSame.d.ts
90 notice 140B  lib/utils/depsAreSame.d.ts
90 notice 451B  es/utils/domTarget.d.ts
90 notice 451B  lib/utils/domTarget.d.ts
90 notice 1.6kB es/index.d.ts
90 notice 1.6kB lib/index.d.ts
90 notice 128B  es/useAnimationFrame.d.ts
90 notice 128B  lib/useAnimationFrame.d.ts
90 notice 1.1kB es/useControllableProps.d.ts
90 notice 1.1kB lib/useControllableProps.d.ts
90 notice 357B  es/useEffectWithTarget.d.ts
90 notice 357B  lib/useEffectWithTarget.d.ts
90 notice 794B  es/useEventEmitter.d.ts
90 notice 794B  lib/useEventEmitter.d.ts
90 notice 1.3kB es/useHotkeyListener.d.ts
90 notice 1.3kB lib/useHotkeyListener.d.ts
90 notice 156B  es/useInterval.d.ts
90 notice 156B  lib/useInterval.d.ts
90 notice 138B  es/useMemorizedFn.d.ts
90 notice 138B  lib/useMemorizedFn.d.ts
90 notice 140B  es/useNextTick.d.ts
90 notice 140B  lib/useNextTick.d.ts
90 notice 549B  es/useObjHistoryMgr.d.ts
90 notice 549B  lib/useObjHistoryMgr.d.ts
90 notice 381B  es/usePan.d.ts
90 notice 381B  lib/usePan.d.ts
90 notice 1.4kB es/usePassThroughEvents.d.ts
90 notice 1.4kB lib/usePassThroughEvents.d.ts
90 notice 1.3kB es/usePromisifyModal.d.ts
90 notice 1.3kB lib/usePromisifyModal.d.ts
90 notice 2.8kB es/useService.d.ts
90 notice 2.8kB lib/useService.d.ts
90 notice 338B  es/useSizeListener.d.ts
90 notice 338B  lib/useSizeListener.d.ts
90 notice 320B  es/useStaticClick.d.ts
90 notice 320B  lib/useStaticClick.d.ts
90 notice 74B   es/useThis.d.ts
90 notice 74B   lib/useThis.d.ts
90 notice 114B  es/useWindowSize.d.ts
90 notice 114B  lib/useWindowSize.d.ts
91 notice === Tarball Details ===
92 notice name:          @orca-fe/hooks
92 notice version:       0.10.4
92 notice filename:      orca-fe-hooks-0.10.4.tgz
92 notice package size:  22.2 kB
92 notice unpacked size: 123.4 kB
92 notice shasum:        8d2848b780a2b5d43b0edecde8b963a3778f870d
92 notice integrity:     sha512-9j4SFfcEXsXw+[...]xQy9UbtVri7pQ==
92 notice total files:   87
93 notice
94 silly FetchError: request to https://registry.npmjs.org/@orca-fe%2ftools failed, reason: connect ETIMEDOUT 104.16.22.35:443
94 silly     at ClientRequest.<anonymous> (D:\project\orca\pocket\node_modules\minipass-fetch\lib\index.js:110:14)
94 silly     at ClientRequest.emit (node:events:513:28)
94 silly     at TLSSocket.socketErrorListener (node:_http_client:496:9)
94 silly     at TLSSocket.emit (node:events:525:35)
94 silly     at emitErrorNT (node:internal/streams/destroy:151:8)
94 silly     at emitErrorCloseNT (node:internal/streams/destroy:116:3)
94 silly     at process.processTicksAndRejections (node:internal/process/task_queues:82:21)
94 silly  FetchError: request to https://registry.npmjs.org/@orca-fe%2ftools failed, reason: connect ETIMEDOUT 104.16.22.35:443
94 silly     at ClientRequest.<anonymous> (D:\project\orca\pocket\node_modules\minipass-fetch\lib\index.js:110:14)
94 silly     at ClientRequest.emit (node:events:513:28)
94 silly     at TLSSocket.socketErrorListener (node:_http_client:496:9)
94 silly     at TLSSocket.emit (node:events:525:35)
94 silly     at emitErrorNT (node:internal/streams/destroy:151:8)
94 silly     at emitErrorCloseNT (node:internal/streams/destroy:116:3)
94 silly     at process.processTicksAndRejections (node:internal/process/task_queues:82:21) {
94 silly   code: 'ETIMEDOUT',
94 silly   errno: 'ETIMEDOUT',
94 silly   syscall: 'connect',
94 silly   address: '104.16.22.35',
94 silly   port: 443,
94 silly   type: 'system'
94 silly }
95 error ETIMEDOUT request to https://registry.npmjs.org/@orca-fe%2ftools failed, reason: connect ETIMEDOUT 104.16.22.35:443
96 error FetchError: request to https://registry.npmjs.org/@orca-fe%2ftools failed, reason: connect ETIMEDOUT 104.16.22.35:443
96 error     at ClientRequest.<anonymous> (D:\project\orca\pocket\node_modules\minipass-fetch\lib\index.js:110:14)
96 error     at ClientRequest.emit (node:events:513:28)
96 error     at TLSSocket.socketErrorListener (node:_http_client:496:9)
96 error     at TLSSocket.emit (node:events:525:35)
96 error     at emitErrorNT (node:internal/streams/destroy:151:8)
96 error     at emitErrorCloseNT (node:internal/streams/destroy:116:3)
